Warning: This is not a full minidump!
# Looking for platform specific (arm-linux) objdump in third_party directory.
# Could not find platform specific objdump in third_party.
# Make sure you installed the correct SDK.
# Cannot find 'None', falling back to default objdump '/usr/bin/objdump'
Address markers:
  T = valid tagged pointer in the minidump
  S = address on the exception stack
  C = address in loaded C/C++ module
  * = address in the minidump

Exception info:
  thread id: 31257
  code:      0000000B
  context:
     r0: 7674b38c S
     r1: 49440000
     r2: 00000000
     r3: 4947c605
     r4: 4947c605
     r5: 421a95e4
     r6: 00000018
     r7: 00000001
     r8: 421a95e4
     r9: 421a95d5
    r10: 00000018
    r11: 4ded9400
    r12: 8ac1b95c
     sp: 7674b2f0 S
     lr: 8bf72467
     pc: 8bf772d0
    cpsr: 10000000000011110000000000110000

  modules:

  stack-top:    7674b2f0 S
  stack-bottom: 7674c49c

Disassembly around exception.eip:
Could not disassemble using /usr/bin/objdump.
Pass path to architecture specific objdump via --objdump?

Annotated stack (from exception.esp to bottom):
7674b2f0: 00000018   .... 
7674b2f4: 421a95ec   ...B 
7674b2f8: 421a95e4   ...B 
7674b2fc: 00000018   .... 
7674b300: 00000001   .... 
7674b304: 421a95d5   ...B 
7674b308: 589d6189   .a.X 
7674b30c: 8bf72467   g$.. 
7674b310: 7674b3dc S ..tv [+51]=00000000  
7674b314: 7674b490 S ..tv [+95]=00000000  
7674b318: 7674b338 S 8.tv [+8]=4e14e048  
7674b31c: 8be0381b   .8.. 
7674b320: 7674b3dc S ..tv [+47]=00000000  
7674b324: 8be03717   .7.. 
7674b328: 00000003   .... 
7674b32c: 68a058c0   .X.h 
7674b330: 7674b3fc S ..tv [+51]=00000000  
7674b334: 7674b4a4 S ..tv [+92]=00000000  
7674b338: 4e14e048   H..N 
7674b33c: 68a058c0   .X.h 
7674b340: 4ded96c8   ...M 
7674b344: 4ded96cc   ...M 
7674b348: 4df4c000   ...M 
7674b34c: 8df2db1c   .... 
7674b350: 8df2d648   H... 
7674b354: 00000006   .... Possibly EXIT frame marker
7674b358: 7674bdb8 S ..tv [+664]=8dd1575c  
7674b35c: 4ded96b0   ...M 
7674b360: 00262dd4   .-&. 
7674b364: 00000001   .... 
7674b368: 28842189   .!.( 
7674b36c: 00000020    ... Possibly BUILTIN_CONTINUATION frame marker
7674b370: 7674b3b0 S ..tv [+16]=00000002  
7674b374: 00000000   .... 
7674b378: 4ded9400   ...M 
7674b37c: 000002ce   .... 
7674b380: 000058a0   .X.. 
7674b384: 000002cd   .... 
7674b388: 421a95d5   ...B 
7674b38c: 8dcabde8   .... 
7674b390: 7674bc3c S <.tv [+555]=4de6a424  
7674b394: 7674bbac S ..tv [+518]=4de6a460  
7674b398: 4df52220    ".M 
7674b39c: 00000008   .... 
7674b3a0: 00000000   .... 
7674b3a4: 8c000001   .... 
7674b3a8: 4ded96b4   ...M 
7674b3ac: 4ded96b4   ...M 
7674b3b0: 00000002   .... 
7674b3b4: 43f58d48   H..C 
7674b3b8: 28843009   .0.( 
7674b3bc: 43f58d54   T..C 
7674b3c0: 23f3697d   }i.# 
7674b3c4: 28276ef4   .n'( 
7674b3c8: 399b6ba5   .k.9 
7674b3cc: 00000000   .... 
7674b3d0: 00000000   .... 
7674b3d4: 00000000   .... 
7674b3d8: 00000000   .... 
7674b3dc: 00000000   .... 
7674b3e0: 00000000   .... 
7674b3e4: 00000000   .... 
7674b3e8: 00000000   .... 
7674b3ec: 00000000   .... 
7674b3f0: 00000000   .... 
7674b3f4: 00000000   .... 
7674b3f8: 00000000   .... 
7674b3fc: 00000000   .... 
7674b400: 00000000   .... 
7674b404: 00000000   .... 
7674b408: 00000000   .... 
7674b40c: 00000000   .... 
7674b410: 00000000   .... 
7674b414: 00000000   .... 
7674b418: 00000000   .... 
7674b41c: 00000000   .... 
7674b420: 00000000   .... 
7674b424: 00000000   .... 
7674b428: 00000000   .... 
7674b42c: 00000000   .... 
7674b430: 00000000   .... 
7674b434: 00000000   .... 
7674b438: 00000000   .... 
7674b43c: 00000000   .... 
7674b440: 00000000   .... 
7674b444: 00000000   .... 
7674b448: 00000000   .... 
7674b44c: 00000000   .... 
7674b450: 00000000   .... 
7674b454: 00000000   .... 
7674b458: 00000000   .... 
7674b45c: 00000000   .... 
7674b460: 00000000   .... 
7674b464: 00000000   .... 
7674b468: 00000000   .... 
7674b46c: 00000000   .... 
7674b470: 00000000   .... 
7674b474: 00000000   .... 
7674b478: 00000000   .... 
7674b47c: 00000000   .... 
7674b480: 00000000   .... 
7674b484: 00000000   .... 
7674b488: 00000000   .... 
7674b48c: 00000000   .... 
7674b490: 00000000   .... 
7674b494: 00000000   .... 
7674b498: 00000000   .... 
7674b49c: 00000000   .... 
7674b4a0: 00000000   .... 
7674b4a4: 00000000   .... 
7674b4a8: 00000000   .... 
7674b4ac: 00000000   .... 
7674b4b0: 00000000   .... 
7674b4b4: 00000000   .... 
7674b4b8: 00000000   .... 
7674b4bc: 00000000   .... 
7674b4c0: 00000000   .... 
7674b4c4: 00000000   .... 
7674b4c8: 00000000   .... 
7674b4cc: 00000000   .... 
7674b4d0: 00000000   .... 
7674b4d4: 00000000   .... 
7674b4d8: 00000000   .... 
7674b4dc: 00000000   .... 
7674b4e0: 00000000   .... 
7674b4e4: 00000000   .... 
7674b4e8: 00000000   .... 
7674b4ec: 00000000   .... 
7674b4f0: 00000000   .... 
7674b4f4: 00000000   .... 
7674b4f8: 00000000   .... 
7674b4fc: 00000000   .... 
7674b500: 00000000   .... 
7674b504: 00000000   .... 
7674b508: 00000000   .... 
7674b50c: 00000000   .... 
7674b510: 00000000   .... 
7674b514: 00000000   .... 
7674b518: 00000000   .... 
7674b51c: 00000000   .... 
7674b520: 00000000   .... 
7674b524: 00000000   .... 
7674b528: 00000000   .... 
7674b52c: 00000000   .... 
7674b530: 00000000   .... 
7674b534: 00000000   .... 
7674b538: 00000000   .... 
7674b53c: 00000000   .... 
7674b540: 00000000   .... 
7674b544: 00000000   .... 
7674b548: 00000000   .... 
7674b54c: 00000000   .... 
7674b550: 00000000   .... 
7674b554: 00000000   .... 
7674b558: 00000000   .... 
7674b55c: 00000000   .... 
7674b560: 00000000   .... 
7674b564: 00000000   .... 
7674b568: 00000000   .... 
7674b56c: 00000000   .... 
7674b570: 00000000   .... 
7674b574: 00000000   .... 
7674b578: 00000000   .... 
7674b57c: 00000000   .... 
7674b580: 00000000   .... 
7674b584: 00000000   .... 
7674b588: 00000000   .... 
7674b58c: 00000000   .... 
7674b590: 00000000   .... 
7674b594: 00000000   .... 
7674b598: 00000000   .... 
7674b59c: 00000000   .... 
7674b5a0: 00000000   .... 
7674b5a4: 00000000   .... 
7674b5a8: 00000000   .... 
7674b5ac: 00000000   .... 
7674b5b0: 00000000   .... 
7674b5b4: 00000000   .... 
7674b5b8: 00000000   .... 
7674b5bc: 00000000   .... 
7674b5c0: 00000000   .... 
7674b5c4: 00000000   .... 
7674b5c8: 00000000   .... 
7674b5cc: 00000000   .... 
7674b5d0: 00000000   .... 
7674b5d4: 00000000   .... 
7674b5d8: 00000000   .... 
7674b5dc: 00000000   .... 
7674b5e0: 00000000   .... 
7674b5e4: 00000000   .... 
7674b5e8: 00000000   .... 
7674b5ec: 00000000   .... 
7674b5f0: 00000000   .... 
7674b5f4: 00000000   .... 
7674b5f8: 00000000   .... 
7674b5fc: 00000000   .... 
7674b600: 00000000   .... 
7674b604: 00000000   .... 
7674b608: 00000000   .... 
7674b60c: 00000000   .... 
7674b610: 00000000   .... 
7674b614: 00000000   .... 
7674b618: 00000000   .... 
7674b61c: 00000000   .... 
7674b620: 00000000   .... 
7674b624: 00000000   .... 
7674b628: 00000000   .... 
7674b62c: 00000000   .... 
7674b630: 00000000   .... 
7674b634: 00000000   .... 
7674b638: 00000000   .... 
7674b63c: 00000000   .... 
7674b640: 00000000   .... 
7674b644: 00000000   .... 
7674b648: 00000000   .... 
7674b64c: 00000000   .... 
7674b650: 00000000   .... 
7674b654: 00000000   .... 
7674b658: 00000000   .... 
7674b65c: 00000000   .... 
7674b660: 00000000   .... 
7674b664: 00000000   .... 
7674b668: 00000000   .... 
7674b66c: 00000000   .... 
7674b670: 00000000   .... 
7674b674: 00000000   .... 
7674b678: 00000000   .... 
7674b67c: 00000000   .... 
7674b680: 00000000   .... 
7674b684: 00000000   .... 
7674b688: 00000000   .... 
7674b68c: 00000000   .... 
7674b690: 00000000   .... 
7674b694: 00000000   .... 
7674b698: 00000000   .... 
7674b69c: 00000000   .... 
7674b6a0: 00000000   .... 
7674b6a4: 00000000   .... 
7674b6a8: 00000000   .... 
7674b6ac: 00000000   .... 
7674b6b0: 00000000   .... 
7674b6b4: 00000000   .... 
7674b6b8: 00000000   .... 
7674b6bc: 00000000   .... 
7674b6c0: 00000000   .... 
7674b6c4: 00000000   .... 
7674b6c8: 00000000   .... 
7674b6cc: 00000000   .... 
7674b6d0: 00000000   .... 
7674b6d4: 00000000   .... 
7674b6d8: 00000000   .... 
7674b6dc: 00000000   .... 
7674b6e0: 00000000   .... 
7674b6e4: 00000000   .... 
7674b6e8: 00000000   .... 
7674b6ec: 00000000   .... 
7674b6f0: 00000000   .... 
7674b6f4: 00000000   .... 
7674b6f8: 00000000   .... 
7674b6fc: 00000000   .... 
7674b700: 00000000   .... 
7674b704: 00000000   .... 
7674b708: 00000000   .... 
7674b70c: 00000000   .... 
7674b710: 00000000   .... 
7674b714: 00000000   .... 
7674b718: 00000000   .... 
7674b71c: 00000000   .... 
7674b720: 00000000   .... 
7674b724: 00000000   .... 
7674b728: 00000000   .... 
7674b72c: 00000000   .... 
7674b730: 00000000   .... 
7674b734: 00000000   .... 
7674b738: 00000000   .... 
7674b73c: 00000000   .... 
7674b740: 00000000   .... 
7674b744: 00000000   .... 
7674b748: 00000000   .... 
7674b74c: 00000000   .... 
7674b750: 00000000   .... 
7674b754: 00000000   .... 
7674b758: 00000000   .... 
7674b75c: 00000000   .... 
7674b760: 00000000   .... 
7674b764: 00000000   .... 
7674b768: 00000000   .... 
7674b76c: 00000000   .... 
7674b770: 00000000   .... 
7674b774: 00000000   .... 
7674b778: 00000000   .... 
7674b77c: 00000000   .... 
7674b780: 00000000   .... 
7674b784: 00000000   .... 
7674b788: 00000000   .... 
7674b78c: 00000000   .... 
7674b790: 00000000   .... 
7674b794: 00000000   .... 
7674b798: 00000000   .... 
7674b79c: 00000000   .... 
7674b7a0: 00000000   .... 
7674b7a4: 00000000   .... 
7674b7a8: 00000000   .... 
7674b7ac: 00000000   .... 
7674b7b0: 00000000   .... 
7674b7b4: 00000000   .... 
7674b7b8: 00000000   .... 
7674b7bc: 00000000   .... 
7674b7c0: 00000000   .... 
7674b7c4: 00000000   .... 
7674b7c8: 00000000   .... 
7674b7cc: 00000000   .... 
7674b7d0: 00000000   .... 
7674b7d4: 00000000   .... 
7674b7d8: 00000000   .... 
7674b7dc: 00000000   .... 
7674b7e0: 00000000   .... 
7674b7e4: 00000000   .... 
7674b7e8: 00000000   .... 
7674b7ec: 00000000   .... 
7674b7f0: 00000000   .... 
7674b7f4: 00000000   .... 
7674b7f8: 00000000   .... 
7674b7fc: 00000000   .... 
7674b800: 00000000   .... 
7674b804: 00000000   .... 
7674b808: 00000000   .... 
7674b80c: 00000000   .... 
7674b810: 00000000   .... 
7674b814: 00000000   .... 
7674b818: 00000000   .... 
7674b81c: 00000000   .... 
7674b820: 00000000   .... 
7674b824: 00000000   .... 
7674b828: 00000000   .... 
7674b82c: 00000000   .... 
7674b830: 00000000   .... 
7674b834: 00000000   .... 
7674b838: 00000000   .... 
7674b83c: 00000000   .... 
7674b840: 00000000   .... 
7674b844: 00000000   .... 
7674b848: 00000000   .... 
7674b84c: 00000000   .... 
7674b850: 00000000   .... 
7674b854: 00000000   .... 
7674b858: 00000000   .... 
7674b85c: 00000000   .... 
7674b860: 00000000   .... 
7674b864: 00000000   .... 
7674b868: 00000000   .... 
7674b86c: 00000000   .... 
7674b870: 00000000   .... 
7674b874: 00000000   .... 
7674b878: 00000000   .... 
7674b87c: 00000000   .... 
7674b880: 00000000   .... 
7674b884: 00000000   .... 
7674b888: 00000000   .... 
7674b88c: 00000000   .... 
7674b890: 00000000   .... 
7674b894: 00000000   .... 
7674b898: 00000000   .... 
7674b89c: 00000000   .... 
7674b8a0: 00000000   .... 
7674b8a4: 00000000   .... 
7674b8a8: 00000000   .... 
7674b8ac: 00000000   .... 
7674b8b0: 00000000   .... 
7674b8b4: 00000000   .... 
7674b8b8: 00000000   .... 
7674b8bc: 00000000   .... 
7674b8c0: 00000000   .... 
7674b8c4: 00000000   .... 
7674b8c8: 00000000   .... 
7674b8cc: 00000000   .... 
7674b8d0: 00000000   .... 
7674b8d4: 00000000   .... 
7674b8d8: 00000000   .... 
7674b8dc: 00000000   .... 
7674b8e0: 00000000   .... 
7674b8e4: 00000000   .... 
7674b8e8: 00000000   .... 
7674b8ec: 00000000   .... 
7674b8f0: 00000000   .... 
7674b8f4: 00000000   .... 
7674b8f8: 00000000   .... 
7674b8fc: 00000000   .... 
7674b900: 00000000   .... 
7674b904: 00000000   .... 
7674b908: 00000000   .... 
7674b90c: 00000000   .... 
7674b910: 00000000   .... 
7674b914: 00000000   .... 
7674b918: 00000000   .... 
7674b91c: 00000000   .... 
7674b920: 00000000   .... 
7674b924: 00000000   .... 
7674b928: 00000000   .... 
7674b92c: 00000000   .... 
7674b930: 00000000   .... 
7674b934: 00000000   .... 
7674b938: 00000000   .... 
7674b93c: 00000000   .... 
7674b940: 00000000   .... 
7674b944: 00000000   .... 
7674b948: 00000000   .... 
7674b94c: 00000000   .... 
7674b950: 00000000   .... 
7674b954: 00000000   .... 
7674b958: 00000000   .... 
7674b95c: 00000000   .... 
7674b960: 00000000   .... 
7674b964: 00000000   .... 
7674b968: 00000000   .... 
7674b96c: 00000000   .... 
7674b970: 00000000   .... 
7674b974: 00000000   .... 
7674b978: 00000000   .... 
7674b97c: 00000000   .... 
7674b980: 00000000   .... 
7674b984: 00000000   .... 
7674b988: 00000000   .... 
7674b98c: 00000000   .... 
7674b990: 00000000   .... 
7674b994: 00000000   .... 
7674b998: 00000000   .... 
7674b99c: 00000000   .... 
7674b9a0: 00000000   .... 
7674b9a4: 00000000   .... 
7674b9a8: 00000000   .... 
7674b9ac: 00000000   .... 
7674b9b0: 00000000   .... 
7674b9b4: 00000000   .... 
7674b9b8: 00000000   .... 
7674b9bc: 00000000   .... 
7674b9c0: 00000000   .... 
7674b9c4: 00000000   .... 
7674b9c8: 00000000   .... 
7674b9cc: 00000000   .... 
7674b9d0: 00000000   .... 
7674b9d4: 00000000   .... 
7674b9d8: 00000000   .... 
7674b9dc: 00000000   .... 
7674b9e0: 00000000   .... 
7674b9e4: 00000000   .... 
7674b9e8: 00000000   .... 
7674b9ec: 00000000   .... 
7674b9f0: 00000000   .... 
7674b9f4: 00000000   .... 
7674b9f8: 00000000   .... 
7674b9fc: 00000000   .... 
7674ba00: 00000000   .... 
7674ba04: 00000000   .... 
7674ba08: 00000000   .... 
7674ba0c: 00000000   .... 
7674ba10: 00000000   .... 
7674ba14: 00000000   .... 
7674ba18: 00000000   .... 
7674ba1c: 00000000   .... 
7674ba20: 00000000   .... 
7674ba24: 00000000   .... 
7674ba28: 00000000   .... 
7674ba2c: 00000000   .... 
7674ba30: 00000000   .... 
7674ba34: 00000000   .... 
7674ba38: 00000000   .... 
7674ba3c: 00000000   .... 
7674ba40: 00000000   .... 
7674ba44: 00000000   .... 
7674ba48: 00000000   .... 
7674ba4c: 00000000   .... 
7674ba50: 00000000   .... 
7674ba54: 00000000   .... 
7674ba58: 00000000   .... 
7674ba5c: 00000000   .... 
7674ba60: 00000000   .... 
7674ba64: 00000000   .... 
7674ba68: 00000000   .... 
7674ba6c: 00000000   .... 
7674ba70: 00000000   .... 
7674ba74: 00000000   .... 
7674ba78: 00000000   .... 
7674ba7c: 00000000   .... 
7674ba80: 00000000   .... 
7674ba84: 00000000   .... 
7674ba88: 00000000   .... 
7674ba8c: 00000000   .... 
7674ba90: 00000000   .... 
7674ba94: 00000000   .... 
7674ba98: 00000000   .... 
7674ba9c: 00000000   .... 
7674baa0: 00000000   .... 
7674baa4: 00000000   .... 
7674baa8: 00000000   .... 
7674baac: 00000000   .... 
7674bab0: 00000000   .... 
7674bab4: 00000000   .... 
7674bab8: 00000000   .... 
7674babc: 00000000   .... 
7674bac0: 00000000   .... 
7674bac4: 00000000   .... 
7674bac8: 00000000   .... 
7674bacc: 00000000   .... 
7674bad0: 00000000   .... 
7674bad4: 00000000   .... 
7674bad8: 00000000   .... 
7674badc: 00000000   .... 
7674bae0: 00000000   .... 
7674bae4: 00000000   .... 
7674bae8: 00000000   .... 
7674baec: 00000000   .... 
7674baf0: 00000000   .... 
7674baf4: 00000000   .... 
7674baf8: 00000000   .... 
7674bafc: 00000000   .... 
7674bb00: 00000000   .... 
7674bb04: 00000000   .... 
7674bb08: 00000000   .... 
7674bb0c: 00000000   .... 
7674bb10: 00000000   .... 
7674bb14: 00000000   .... 
7674bb18: 00000000   .... 
7674bb1c: 00000000   .... 
7674bb20: 00000000   .... 
7674bb24: 00000000   .... 
7674bb28: 00000000   .... 
7674bb2c: 00000000   .... 
7674bb30: 00000000   .... 
7674bb34: 00000000   .... 
7674bb38: 00000000   .... 
7674bb3c: 00000000   .... 
7674bb40: 00000000   .... 
7674bb44: 00000000   .... 
7674bb48: 00000000   .... 
7674bb4c: 00000000   .... 
7674bb50: 00000000   .... 
7674bb54: 00000000   .... 
7674bb58: 00000000   .... 
7674bb5c: 00000000   .... 
7674bb60: 00000000   .... 
7674bb64: 00000000   .... 
7674bb68: 00000000   .... 
7674bb6c: 00000000   .... 
7674bb70: 00000000   .... 
7674bb74: 00000000   .... 
7674bb78: 00000000   .... 
7674bb7c: 00000000   .... 
7674bb80: 00000000   .... 
7674bb84: 00000000   .... 
7674bb88: 00000000   .... 
7674bb8c: 00000000   .... 
7674bb90: 00000000   .... 
7674bb94: 00000000   .... 
7674bb98: 00000000   .... 
7674bb9c: 00000000   .... 
7674bba0: 00000000   .... 
7674bba4: 00000000   .... 
7674bba8: 00000000   .... 
7674bbac: 4de6a460   `..M 
7674bbb0: 6e2f23c0   .#/n 
7674bbb4: 8df301a0   .... 
7674bbb8: 4de6a46c   l..M 
7674bbbc: 8df301a0   .... 
7674bbc0: 8df301a0   .... 
7674bbc4: 4de6a478   x..M 
7674bbc8: 8df301a0   .... 
7674bbcc: 8df301a0   .... 
7674bbd0: 4de6a484   ...M 
7674bbd4: 8df301a0   .... 
7674bbd8: 8df301a0   .... 
7674bbdc: 4de6a490   ...M 
7674bbe0: 8df301a0   .... 
7674bbe4: 8df301a0   .... 
7674bbe8: 4de6a49c   ...M 
7674bbec: 67f81500   ...g 
7674bbf0: 8df301a0   .... 
7674bbf4: 4de6a4a8   ...M 
7674bbf8: 67f7a880   ...g 
7674bbfc: 8df301a0   .... 
7674bc00: 4de6a4b4   ...M 
7674bc04: 8df301a0   .... 
7674bc08: 8df301a0   .... 
7674bc0c: 4de6a4c0   ...M 
7674bc10: 8df301a0   .... 
7674bc14: 8df301a0   .... 
7674bc18: 4de6a4cc   ...M 
7674bc1c: 8df301a0   .... 
7674bc20: 8df301a0   .... 
7674bc24: 4de6a4d8   ...M 
7674bc28: 8df301a0   .... 
7674bc2c: 8df301a0   .... 
7674bc30: 4de6a4e4   ...M 
7674bc34: 8df301a0   .... 
7674bc38: 8df301a0   .... 
7674bc3c: 4de6a424   $..M 
7674bc40: 6e2d8640   @.-n 
7674bc44: 8df301a0   .... 
7674bc48: 4de6a430   0..M 
7674bc4c: 8df301a0   .... 
7674bc50: 8df301a0   .... 
7674bc54: 4de6a418   ...M 
7674bc58: 6e2d4d00   .M-n 
7674bc5c: 6e2e5d40   @].n 
7674bc60: 00000000   .... 
7674bc64: 00000000   .... 
7674bc68: 8de20000   .... 
7674bc6c: 00000000   .... 
7674bc70: 00000000   .... 
7674bc74: 00000000   .... 
7674bc78: 00000000   .... 
7674bc7c: 3f800000   ...? 
7674bc80: 4de0cbd0   ...M 
7674bc84: 6d7c911d   ..|m 
7674bc88: 67ed7fa0   ...g 
7674bc8c: 28231400   ..#( 
7674bc90: 3003462c   ,F.0 
7674bc94: 7674bd04 S ..tv [+28]=4df35c5c  
7674bc98: 00000000   .... 
7674bc9c: 30034061   a@.0 
7674bca0: 00000000   .... 
7674bca4: 4e122801   .(.N 
7674bca8: 00001f3e   >... 
7674bcac: 23482c51   Q,H# 
7674bcb0: 7674bcbc S ..tv [+3]=42180000  
7674bcb4: 8c021ad1   .... 
7674bcb8: 421a95d5   ...B 
7674bcbc: 42180000   ...B 
7674bcc0: 00000000   .... 
7674bcc4: 00000000   .... 
7674bcc8: 00000000   .... 
7674bccc: 00000000   .... 
7674bcd0: 4df1d800   ...M 
7674bcd4: 7674bdb8 S ..tv [+57]=8dd1575c  
7674bcd8: 2977ad20    .w) 
7674bcdc: 8deeae90   .... 
7674bce0: 00000000   .... 
7674bce4: 00000000   .... 
7674bce8: 7674bee4 S ..tv [+127]=000009aa  
7674bcec: 7674bfe0 S ..tv [+189]=00000000  
7674bcf0: 7674bf18 S ..tv [+138]=00000000  
7674bcf4: 8bf72053   S .. 
7674bcf8: 00000000   .... 
7674bcfc: 67f78d00   ...g 
7674bd00: 8df301a0   .... 
7674bd04: 4df35c5c   \\.M 
7674bd08: 8df301a0   .... 
7674bd0c: 8df301a0   .... 
7674bd10: 4df35c74   t\.M 
7674bd14: 4e02ec80   ...N 
7674bd18: 8df301a0   .... 
7674bd1c: 4df35c80   .\.M 
7674bd20: 8df301a0   .... 
7674bd24: 8df301a0   .... 
7674bd28: 00000000   .... 
7674bd2c: 8df301a0   .... 
7674bd30: 8df301a0   .... 
7674bd34: 4df35c98   .\.M 
7674bd38: 4df35cb0   .\.M 
7674bd3c: 8df301a0   .... 
7674bd40: 8df301a0   .... 
7674bd44: 00000000   .... 
7674bd48: 0000bcc0   .... 
7674bd4c: 00000000   .... 
7674bd50: 0000bcc0   .... 
7674bd54: 00000000   .... 
7674bd58: 4df1d800   ...M 
7674bd5c: 0000007b   {... 
7674bd60: 00000001   .... 
7674bd64: f7a6c2a5   .... 
7674bd68: fea7ef9e   .... 
7674bd6c: 416eb61a   ..nA 
7674bd70: 00000000   .... 
7674bd74: 00000000   .... 
7674bd78: 00000000   .... 
7674bd7c: 00000000   .... 
7674bd80: 00000000   .... 
7674bd84: 00000000   .... 
7674bd88: 00000000   .... 
7674bd8c: 00000000   .... 
7674bd90: f7a6c200   .... 
7674bd94: 67ecc618   ...g 
7674bd98: f7a6c2a5   .... 
7674bd9c: 67ecc678   x..g 
7674bda0: 7674bdd4 S ..tv [+13]=4ded0c40  
7674bda4: 8dd1575c   \W.. 
7674bda8: 8dee9200   .... 
7674bdac: 00000000   .... 
7674bdb0: 7674bee4 S ..tv [+77]=000009aa  
7674bdb4: 8c022f1f   ./.. 
7674bdb8: 8dd1575c   \W.. 
7674bdbc: 7674bdd4 S ..tv [+6]=4ded0c40  
7674bdc0: 4ded0c40   @..M 
7674bdc4: 7674bdd4 S ..tv [+4]=4ded0c40  
7674bdc8: 67ecc648   H..g 
7674bdcc: 8c022e73   s... 
7674bdd0: 8df42c68   h,.. 
7674bdd4: 4ded0c40   @..M 
7674bdd8: 4de1460c   .F.M 
7674bddc: 00000005   .... Possibly CONSTRUCT_ENTRY frame marker
7674bde0: 7674bf18 S ..tv [+78]=00000000  
7674bde4: 8df42c68   h,.. 
7674bde8: 8dee9200   .... 
7674bdec: 8c0a49e3   .I.. 
7674bdf0: 4de32750   P'.M 
7674bdf4: ae3f31a5   .1?. 
7674bdf8: d017d00d   .... 
7674bdfc: 8c03e89d   .... 
7674be00: 00000000   .... 
7674be04: 00000000   .... 
7674be08: 00000000   .... 
7674be0c: 00000000   .... 
7674be10: 00000000   .... 
7674be14: 1d178119   .... 
7674be18: 00000000   .... 
7674be1c: 00000000   .... 
7674be20: 00000009   .... 
7674be24: 00000000   .... 
7674be28: 7674bf18 S ..tv [+60]=00000000  
7674be2c: 4ded0384   ...M 
7674be30: 7674bf18 S ..tv [+58]=00000000  
7674be34: 4ded0380   ...M 
7674be38: 4ded0380   ...M 
7674be3c: 8c0a46cf   .F.. 
7674be40: 00000000   .... 
7674be44: 7674be54 S T.tv [+4]=8a39c866  
7674be48: 4ded0384   ...M 
7674be4c: 7674bf18 S ..tv [+51]=00000000  
7674be50: 7674be6c S l.tv [+7]=7674bfe0 S
7674be54: 8a39c866   f.9. 
7674be58: 4ded0c40   @..M 
7674be5c: 7674bfe0 S ..tv [+97]=00000000  
7674be60: 4ded0380   ...M 
7674be64: 8c0a46a3   .F.. 
7674be68: 000002b5   .... 
7674be6c: 7674bfe0 S ..tv [+93]=00000000  
7674be70: 7674be78 S x.tv [+2]=4ded0c40  
7674be74: 7674bee4 S ..tv [+28]=000009aa  
7674be78: 4ded0c40   @..M 
7674be7c: 00000000   .... 
7674be80: 4ded0c40   @..M 
7674be84: 7674bec8 S ..tv [+17]=7674bf01 s
7674be88: 8dcc50f8   .P.. 
7674be8c: 8c0a4339   9C.. 
7674be90: 7674bee4 S ..tv [+21]=000009aa  
7674be94: 8c0a7f51   Q... 
7674be98: 00000001   .... 
7674be9c: 4de1471c   .G.M 
7674bea0: 4de14700   .G.M 
7674bea4: 00000000   .... 
7674bea8: 00000001   .... 
7674beac: 8bf770a7   .p.. 
7674beb0: 00000000   .... 
7674beb4: 00000000   .... 
7674beb8: 4de20601   ...M 
7674bebc: 00000000   .... 
7674bec0: bfba9a00   .... 
7674bec4: 00000003   .... 
7674bec8: 7674bf01 s ..tv [+14]=00000001  
7674becc: 00000000   .... 
7674bed0: 00000000   .... 
7674bed4: 00000000   .... 
7674bed8: 7674bf01 s ..tv [+10]=00000001  
7674bedc: 000009aa   .... 
7674bee0: 00002497   .$.. 
7674bee4: 000009aa   .... 
7674bee8: 00000000   .... 
7674beec: 7674bf18 S ..tv [+11]=00000000  
7674bef0: 4ded0c40   @..M 
7674bef4: 4ded0380   ...M 
7674bef8: 7674bf88 S ..tv [+36]=00000000  
7674befc: 7674bfe0 S ..tv [+57]=00000000  
7674bf00: 00000001   .... 
7674bf04: 4ded0380   ...M 
7674bf08: 7674c028 S (.tv [+72]=00000001  
7674bf0c: 8c0a45c1   .E.. 
7674bf10: 67ecc648   H..g 
7674bf14: 4de453f8   .S.M 
7674bf18: 00000000   .... 
7674bf1c: 8a486849   IhH. 
7674bf20: 8a46b5c5   ..F. 
7674bf24: 000001c6   .... 
7674bf28: 8c03e89d   .... 
7674bf2c: 8bf76f77   wo.. 
7674bf30: 00000000   .... 
7674bf34: 00000000   .... 
7674bf38: 00000000   .... 
7674bf3c: 00000000   .... 
7674bf40: 00000000   .... 
7674bf44: 00000000   .... 
7674bf48: 00000000   .... 
7674bf4c: 00000000   .... 
7674bf50: 00000000   .... 
7674bf54: 00000000   .... 
7674bf58: 0000249a   .$.. 
7674bf5c: 00000000   .... 
7674bf60: 7674bf84 S ..tv [+9]=4ded0c40  
7674bf64: f7a6c2a5   .... 
7674bf68: 7674c0e8 S ..tv [+96]=4ded0c40  
7674bf6c: 7674bf88 S ..tv [+7]=00000000  
7674bf70: 7674bfe0 S ..tv [+28]=00000000  
7674bf74: 8c0a4579   yE.. 
7674bf78: 7674c110 S ..tv [+102]=74736f50  
7674bf7c: 8c0a418d   .A.. 
7674bf80: 00000000   .... 
7674bf84: 4ded0c40   @..M 
7674bf88: 00000000   .... 
7674bf8c: 8a486849   IhH. 
7674bf90: 8a46b5c5   ..F. 
7674bf94: 000001c6   .... 
7674bf98: 8c03e89d   .... 
7674bf9c: 00000000   .... 
7674bfa0: 00000000   .... 
7674bfa4: 00000000   .... 
7674bfa8: 00000000   .... 
7674bfac: 00000000   .... 
7674bfb0: 00000000   .... 
7674bfb4: 00000000   .... 
7674bfb8: 00000000   .... 
7674bfbc: 00000000   .... 
7674bfc0: 00000000   .... 
7674bfc4: 00000000   .... 
7674bfc8: 0000249a   .$.. 
7674bfcc: 4de19e00   ...M 
7674bfd0: 00000000   .... 
7674bfd4: 00000000   .... 
7674bfd8: 00010100   .... 
7674bfdc: 8c000000   .... 
7674bfe0: 00000000   .... 
7674bfe4: 00000000   .... 
7674bfe8: 00010100   .... 
7674bfec: 00000000   .... 
7674bff0: 8c03e89d   .... 
7674bff4: 00000000   .... 
7674bff8: 00000000   .... 
7674bffc: 00000000   .... 
7674c000: 00000000   .... 
7674c004: 00000000   .... 
7674c008: 00000000   .... 
7674c00c: 00000000   .... 
7674c010: 00000000   .... 
7674c014: 00000000   .... 
7674c018: 00000000   .... 
7674c01c: 00000000   .... 
7674c020: 0000249a   .$.. 
7674c024: 00000000   .... 
7674c028: 00000001   .... 
7674c02c: 00000000   .... 
7674c030: 00000000   .... 
7674c034: 8a486849   IhH. 
7674c038: 8a46b5c5   ..F. 
7674c03c: 000001c6   .... 
7674c040: 8c03e89d   .... 
7674c044: 00000000   .... 
7674c048: 00000000   .... 
7674c04c: 00000000   .... 
7674c050: 00000000   .... 
7674c054: 00000000   .... 
7674c058: 00000000   .... 
7674c05c: 00000000   .... 
7674c060: 00000000   .... 
7674c064: 00000000   .... 
7674c068: 00000000   .... 
7674c06c: 00000000   .... 
7674c070: 0000249a   .$.. 
7674c074: 00000000   .... 
7674c078: f7a6c2a5   .... 
7674c07c: 7674c110 S ..tv [+37]=74736f50  
7674c080: 4ded0380   ...M 
7674c084: 7674c0e8 S ..tv [+25]=4ded0c40  
7674c088: 7674c0f0 S ..tv [+26]=8a486849  
7674c08c: 8deea260   `... 
7674c090: 7674c198 S ..tv [+66]=00000000  
7674c094: 7674c104 S ..tv [+28]=00000000  
7674c098: 4de27b60   `{.M 
7674c09c: 8c0a38fb   .8.. 
7674c0a0: 00000000   .... 
7674c0a4: 00000000   .... 
7674c0a8: 00000000   .... 
7674c0ac: 00000000   .... 
7674c0b0: 00000000   .... 
7674c0b4: 00000000   .... 
7674c0b8: 00000000   .... 
7674c0bc: 00000000   .... 
7674c0c0: 00000000   .... 
7674c0c4: 00000000   .... 
7674c0c8: 4de27b80   .{.M 
7674c0cc: 00000001   .... 
7674c0d0: 00000000   .... 
7674c0d4: 00000000   .... 
7674c0d8: 67e99080   ...g 
7674c0dc: 0000001e   .... 
7674c0e0: 80000020    ... 
7674c0e4: 00000000   .... 
7674c0e8: 4ded0c40   @..M 
7674c0ec: 4ded0380   ...M 
7674c0f0: 8a486849   IhH. 
7674c0f4: 8a46b5c5   ..F. 
7674c0f8: 000001c6   .... 
7674c0fc: 8c03e89d   .... 
7674c100: 4ded0c40   @..M 
7674c104: 00000000   .... 
7674c108: 00000000   .... 
7674c10c: 00000000   .... 
7674c110: 74736f50   Post 
7674c114: 40626f4a   Job@ 
7674c118: 2f6e6967   gin/ 
7674c11c: 705f3876   v8_p 
7674c120: 6674616c   latf 
7674c124: 2e6d726f   orm. 
7674c128: 343a6363   cc:4 
7674c12c: 2f003435   54./ 
7674c130: 706d6666   ffmp 
7674c134: 645f6765   eg_d 
7674c138: 78756d65   emux 
7674c13c: 632e7265   er.c 
7674c140: 37313a63   c:17 
7674c144: 6d003438   84.m 
7674c148: 5f65646f   ode_ 
7674c14c: 69627261   arbi 
7674c150: 2e726574   ter. 
7674c154: 323a6363   cc:2 
7674c158: 2e003337   73.. 
7674c15c: 353a6363   cc:5 
7674c160: 63630036   6.cc 
7674c164: 3035363a   :650 
7674c168: 00000000   .... 
7674c16c: 00000000   .... 
7674c170: 00000000   .... 
7674c174: 00000018   .... 
7674c178: 0074c1e4   ..t. 
7674c17c: 00000018   .... 
7674c180: 8de20010   .... 
7674c184: 4de45b00   .[.M 
7674c188: 4de45b04   .[.M 
7674c18c: 7674c1e4 S ..tv [+22]=83839490 *
7674c190: 7674c101 s ..tv 
7674c194: 4de0805c   \..M 
7674c198: 00000000   .... 
7674c19c: 00000000   .... 
7674c1a0: 00000000   .... 
7674c1a4: 00000000   .... 
7674c1a8: 00000000   .... 
7674c1ac: 00000000   .... 
7674c1b0: 4de08040   @..M 
7674c1b4: f7a6c2a5   .... 
7674c1b8: 00000000   .... 
7674c1bc: 00000000   .... 
7674c1c0: 00000000   .... 
7674c1c4: 00000000   .... 
7674c1c8: 000079f5   .y.. 
7674c1cc: 4de27b60   `{.M 
7674c1d0: 4de08040   @..M 
7674c1d4: 7674c230 S 0.tv [+23]=7684d230 *
7674c1d8: 00007a19   .z.. 
7674c1dc: 000079f5   .y.. 
7674c1e0: 000079d0   .y.. 
7674c1e4: 83839490 * .... 
7674c1e8: 7674c230 S 0.tv [+18]=7684d230 *
7674c1ec: 8c0a4c07   .L.. 
7674c1f0: 4de27b60   `{.M 
7674c1f4: 4de08040   @..M 
7674c1f8: 00007a19   .z.. 
7674c1fc: 8c04d28d   .... 
7674c200: 00000000   .... 
7674c204: 7674c230 S 0.tv [+11]=7684d230 *
7674c208: 7674c230 S 0.tv [+10]=7684d230 *
7674c20c: 7674c230 S 0.tv [+9]=7684d230 *
7674c210: 00000078   x... 
7674c214: ae4390b5   ..C. 
7674c218: ae43909f   ..C. 
7674c21c: ae3f3785   .7?. 
7674c220: 7674c238 S 8.tv [+6]=00007a19  
7674c224: ae43909f   ..C. 
7674c228: 7674c230 S 0.tv [+2]=7684d230 *
7674c22c: 00000000   .... 
7674c230: 7684d230 * 0..v 
7674c234: 7664b230 * 0.dv 
7674c238: 00007a19   .z.. 
7674c23c: 000079d0   .y.. 
7674c240: 00000000   .... 
7674c244: 7664f000   ..dv 
7674c248: 000fd230   0... 
7674c24c: 00001000   .... 
7674c250: 00000000   .... 
7674c254: 00000000   .... 
7674c258: 00000000   .... 
7674c25c: 00000000   .... 
7674c260: 8c04d243   C... 
7674c264: 4de0ca70   p..M 
7674c268: 00000000   .... 
7674c26c: a5ffc000   .... 
7674c270: 00000000   .... 
7674c274: 00000001   .... 
7674c278: 00000000   .... 
7674c27c: 7664f000   ..dv 
7674c280: 00101000   .... 
7674c284: 00000000   .... 
7674c288: 00000000   .... 
7674c28c: 00000000   .... 
7674c290: 00000000   .... 
7674c294: 00000000   .... 
7674c298: 00000000   .... 
7674c29c: 00000000   .... 
7674c2a0: 00000000   .... 
7674c2a4: 00000000   .... 
7674c2a8: 00000000   .... 
7674c2ac: 00000000   .... 
7674c2b0: 00000000   .... 
7674c2b4: 00000000   .... 
7674c2b8: 00000000   .... 
7674c2bc: 00000000   .... 
7674c2c0: 00000000   .... 
7674c2c4: 00000000   .... 
7674c2c8: 00000000   .... 
7674c2cc: 00000000   .... 
7674c2d0: 00000000   .... 
7674c2d4: 00000000   .... 
7674c2d8: 00000000   .... 
7674c2dc: 00000000   .... 
7674c2e0: 00000000   .... 
7674c2e4: 00000000   .... 
7674c2e8: 00000000   .... 
7674c2ec: 00000000   .... 
7674c2f0: 00000000   .... 
7674c2f4: 00000000   .... 
7674c2f8: 00000000   .... 
7674c2fc: 00000000   .... 
7674c300: 00000000   .... 
7674c304: 00000000   .... 
7674c308: 00000000   .... 
7674c30c: 00000000   .... 
7674c310: 00000000   .... 
7674c314: 00000000   .... 
7674c318: 00000000   .... 
7674c31c: 00000000   .... 
7674c320: 00000000   .... 
7674c324: 00000000   .... 
7674c328: 00000000   .... 
7674c32c: 00000000   .... 
7674c330: 00000000   .... 
7674c334: 00000000   .... 
7674c338: 00000000   .... 
7674c33c: 00000000   .... 
7674c340: 00000000   .... 
7674c344: 00000000   .... 
7674c348: 00000000   .... 
7674c34c: 00000000   .... 
7674c350: 00000000   .... 
7674c354: 00000000   .... 
7674c358: 00000000   .... 
7674c35c: 00000000   .... 
7674c360: 00000000   .... 
7674c364: 00000000   .... 
7674c368: 00000000   .... 
7674c36c: 00000000   .... 
7674c370: 00000000   .... 
7674c374: 00000000   .... 
7674c378: 00000000   .... 
7674c37c: 00000000   .... 
7674c380: 00000000   .... 
7674c384: 00000000   .... 
7674c388: 00000000   .... 
7674c38c: 00000000   .... 
7674c390: 00000000   .... 
7674c394: 00000000   .... 
7674c398: 00000000   .... 
7674c39c: 00000000   .... 
7674c3a0: 00000000   .... 
7674c3a4: 00000000   .... 
7674c3a8: 00000000   .... 
7674c3ac: 00000000   .... 
7674c3b0: 00000000   .... 
7674c3b4: 00000000   .... 
7674c3b8: 00000000   .... 
7674c3bc: 00000000   .... 
7674c3c0: 00000000   .... 
7674c3c4: 00000000   .... 
7674c3c8: 00000000   .... 
7674c3cc: 00000000   .... 
7674c3d0: 00000000   .... 
7674c3d4: 00000000   .... 
7674c3d8: 00000000   .... 
7674c3dc: 00000000   .... 
7674c3e0: 00000000   .... 
7674c3e4: 00000000   .... 
7674c3e8: 00000000   .... 
7674c3ec: 00000000   .... 
7674c3f0: 00000000   .... 
7674c3f4: 00000000   .... 
7674c3f8: 00000000   .... 
7674c3fc: 00000000   .... 
7674c400: 00000000   .... 
7674c404: 00000000   .... 
7674c408: 00000000   .... 
7674c40c: 00000000   .... 
7674c410: 00000000   .... 
7674c414: 00000000   .... 
7674c418: 00000000   .... 
7674c41c: 00000000   .... 
7674c420: 00000000   .... 
7674c424: 00000000   .... 
7674c428: 00000000   .... 
7674c42c: 00000000   .... 
7674c430: 00000000   .... 
7674c434: 00000000   .... 
7674c438: 00000000   .... 
7674c43c: 00000000   .... 
7674c440: 00000000   .... 
7674c444: 00000000   .... 
7674c448: 00000000   .... 
7674c44c: 00000000   .... 
7674c450: 00000000   .... 
7674c454: 00000000   .... 
7674c458: 00000000   .... 
7674c45c: 00000000   .... 
7674c460: 00000000   .... 
7674c464: 00000000   .... 
7674c468: 00000000   .... 
7674c46c: 00000000   .... 
7674c470: 00000000   .... 
7674c474: 00000000   .... 
7674c478: 00000000   .... 
7674c47c: 00000000   .... 
7674c480: 00000000   .... 
7674c484: 00000000   .... 
7674c488: 00000000   .... 
7674c48c: 7674c4bc   ..tv 
7674c490: 00000000   .... 
7674c494: 00000000   .... 
7674c498: 7674c4bc   ..tv 
Traceback (most recent call last):
  File "/home/liviurau/fetched/v8/v8/tools/./grokdump.py", line 4026, in <module>
    AnalyzeMinidump(options, args[0])
  File "/home/liviurau/fetched/v8/v8/tools/./grokdump.py", line 3994, in AnalyzeMinidump
    reader.Dispose()
  File "/home/liviurau/fetched/v8/v8/tools/./grokdump.py", line 995, in Dispose
    self.minidump.close()
BufferError: cannot close exported pointers exist
